<?xml version="1.0" encoding="UTF-8"?>
<!-- Generated by org.testng.reporters.JUnitReportReporter -->
<testsuite hostname="IN1LT1496" failures="0" tests="1" name="com.testfun.PostRequest" time="2.336" errors="0" timestamp="16 Mar 2021 06:57:50 GMT" skipped="0">
  <testcase classname="com.testfun.PostRequest" name="postapi" time="2.336"/>
</testsuite> <!-- com.testfun.PostRequest -->
