<?xml version="1.0" encoding="UTF-8"?>
<!-- Generated by org.testng.reporters.JUnitReportReporter -->
<testsuite hostname="IN1LT1496" failures="0" tests="1" name="com.studentapi.GetApitest" time="1.307" errors="0" timestamp="17 Mar 2021 03:54:26 GMT" skipped="0">
  <testcase classname="com.studentapi.GetApitest" name="getapitest" time="1.307"/>
</testsuite> <!-- com.studentapi.GetApitest -->
