<?xml version="1.0" encoding="UTF-8"?>
<!-- Generated by org.testng.reporters.JUnitReportReporter -->
<testsuite hostname="IN1LT1496" failures="0" tests="1" name="com.testfun.GetRequestAutomation" time="1.371" errors="0" timestamp="16 Mar 2021 05:11:44 GMT" skipped="0">
  <testcase classname="com.testfun.GetRequestAutomation" name="getrequest" time="1.371"/>
</testsuite> <!-- com.testfun.GetRequestAutomation -->
