<?xml version="1.0" encoding="UTF-8"?>
<!-- Generated by org.testng.reporters.JUnitReportReporter -->
<testsuite hostname="IN1LT1496" failures="0" tests="1" name="com.restapi.TC3_MAPS" time="1.754" errors="0" timestamp="08 Feb 2021 08:50:15 GMT" skipped="0">
  <testcase classname="com.restapi.TC3_MAPS" name="testmap" time="1.754"/>
</testsuite> <!-- com.restapi.TC3_MAPS -->
