<?xml version="1.0" encoding="UTF-8"?>
<!-- Generated by org.testng.reporters.JUnitReportReporter -->
<testsuite hostname="IN1LT1496" failures="0" tests="1" name="com.restapi.Get_demowhether" time="1.681" errors="0" timestamp="26 Jan 2021 04:34:28 GMT" skipped="0">
  <testcase classname="com.restapi.Get_demowhether" name="DemoWhether" time="1.681"/>
</testsuite> <!-- com.restapi.Get_demowhether -->
