<?xml version="1.0" encoding="UTF-8"?>
<!-- Generated by org.testng.reporters.JUnitReportReporter -->
<testsuite hostname="IN1LT1496" failures="0" tests="3" name="com.log.Log4jdemo" time="0.027" errors="0" timestamp="19 Jan 2021 08:58:09 GMT" skipped="0">
  <testcase classname="com.log.Log4jdemo" name="setup" time="0.025"/>
  <testcase classname="com.log.Log4jdemo" name="login" time="0.001"/>
  <testcase classname="com.log.Log4jdemo" name="logout" time="0.001"/>
</testsuite> <!-- com.log.Log4jdemo -->
