<?xml version="1.0" encoding="UTF-8"?>
<!-- Generated by org.testng.reporters.JUnitReportReporter -->
<testsuite hostname="IN1LT1496" failures="0" tests="1" name="com.internetBanking.Testcases.TC_login_Page" time="10.969" errors="0" timestamp="21 Dec 2020 09:05:40 GMT" skipped="0">
  <testcase classname="com.internetBanking.Testcases.TC_login_Page" name="loginTest" time="10.969"/>
</testsuite> <!-- com.internetBanking.Testcases.TC_login_Page -->
