<?xml version="1.0" encoding="UTF-8"?>
<!-- Generated by org.testng.reporters.JUnitReportReporter -->
<testsuite hostname="IN1LT1496" failures="0" tests="6" name="jca.A" time="0.020" errors="0" timestamp="17 Dec 2020 07:13:39 GMT" skipped="0">
  <testcase classname="jca.A" name="tc6" time="0.001"/>
  <testcase classname="jca.A" name="tc3" time="0.009"/>
  <testcase classname="jca.A" name="tc4" time="0.001"/>
  <testcase classname="jca.A" name="tc2" time="0.007"/>
  <testcase classname="jca.A" name="tc5" time="0.001"/>
  <testcase classname="jca.A" name="tc7" time="0.001"/>
</testsuite> <!-- jca.A -->
