<?xml version="1.0" encoding="UTF-8"?>
<!-- Generated by org.testng.reporters.JUnitReportReporter -->
<testsuite hostname="IN1LT1496" failures="0" tests="3" name="jca.ExdataprCl" time="0.010" errors="0" timestamp="17 Dec 2020 03:52:58 GMT" skipped="0">
  <testcase classname="jca.ExdataprCl" name="tc1" time="0.001"/>
  <testcase classname="jca.ExdataprCl" name="tc1" time="0.008"/>
  <testcase classname="jca.ExdataprCl" name="tc1" time="0.001"/>
</testsuite> <!-- jca.ExdataprCl -->
