<?xml version="1.0" encoding="UTF-8"?>
<!-- Generated by org.testng.reporters.JUnitReportReporter -->
<testsuite hostname="IN1LT1496" failures="0" tests="2" name="jca.Sample" time="0.002" errors="0" timestamp="16 Dec 2020 06:11:09 GMT" skipped="0">
  <testcase classname="jca.Sample" name="tc2" time="0.001"/>
  <testcase classname="jca.Sample" name="tc1" time="0.001"/>
</testsuite> <!-- jca.Sample -->
