<?xml version="1.0" encoding="UTF-8"?>
<!-- Generated by org.testng.reporters.JUnitReportReporter -->
<testsuite hostname="IN1LT1496" failures="0" tests="1" name="com.testrun.TestRunner" time="0.000" errors="0" timestamp="17 Dec 2020 04:06:36 GMT" skipped="1">
  <testcase classname="com.testrun.TestRunner" name="feature" time="0.000">
    <skipped/>
  </testcase> <!-- feature -->
</testsuite> <!-- com.testrun.TestRunner -->
