<?xml version="1.0" encoding="UTF-8"?>
<!-- Generated by org.testng.reporters.JUnitReportReporter -->
<testsuite hostname="IN1LT1496" failures="0" tests="2" name="org.repport.TestRunner" time="0.007" errors="0" timestamp="13 Mar 2021 14:21:22 GMT" skipped="0">
  <testcase classname="org.repport.TestRunner" name="tc1" time="0.005"/>
  <testcase classname="org.repport.TestRunner" name="tc2" time="0.002"/>
</testsuite> <!-- org.repport.TestRunner -->
