<?xml version="1.0" encoding="UTF-8"?>
<!-- Generated by org.testng.reporters.JUnitReportReporter -->
<testsuite hostname="IN1LT1496" failures="0" tests="1" name="org.mob.Sample" time="0.005" errors="0" timestamp="16 Dec 2020 05:42:35 GMT" skipped="0">
  <testcase classname="org.mob.Sample" name="tc1" time="0.005"/>
</testsuite> <!-- org.mob.Sample -->
